[0.012s] Invoking command in '/home/daopctn/ros2_ws/build/nav2_dynamic_msgs': CMAKE_PREFIX_PATH=${CMAKE_PREFIX_PATH}:/home/daopctn/turtlebot3_ws/install/turtlebot3_teleop:/home/daopctn/turtlebot3_ws/install/turtlebot3_example:/opt/ros/humble /usr/bin/cmake /home/daopctn/ros2_ws/src/nav2_dynamic_msgs -DCMAKE_INSTALL_PREFIX=/home/daopctn/ros2_ws/install/nav2_dynamic_msgs
[0.022s] -- Found ament_cmake: 1.3.11 (/opt/ros/humble/share/ament_cmake/cmake)
[0.124s] -- Override CMake install command with custom implementation using symlinks instead of copying resources
[0.130s] -- Found rosidl_default_generators: 1.2.0 (/opt/ros/humble/share/rosidl_default_generators/cmake)
[0.132s] -- Using all available rosidl_typesupport_c: rosidl_typesupport_fastrtps_c;rosidl_typesupport_introspection_c
[0.134s] -- Found rosidl_adapter: 3.1.6 (/opt/ros/humble/share/rosidl_adapter/cmake)
[0.159s] -- Using all available rosidl_typesupport_cpp: rosidl_typesupport_fastrtps_cpp;rosidl_typesupport_introspection_cpp
[0.379s] -- Found ament_cmake_ros: 0.10.0 (/opt/ros/humble/share/ament_cmake_ros/cmake)
[0.521s] -- Using all available rosidl_typesupport_c: rosidl_typesupport_fastrtps_c;rosidl_typesupport_introspection_c
[0.713s] -- Using all available rosidl_typesupport_cpp: rosidl_typesupport_fastrtps_cpp;rosidl_typesupport_introspection_cpp
[0.731s] -- Found python_cmake_module: 0.10.0 (/opt/ros/humble/share/python_cmake_module/cmake)
[0.750s] -- Using PYTHON_EXECUTABLE: /usr/bin/python3
[0.750s] -- Using PYTHON_INCLUDE_DIRS: /usr/include/python3.10
[0.750s] -- Using PYTHON_LIBRARIES: /usr/lib/x86_64-linux-gnu/libpython3.10.so
[0.767s] -- Configuring done
[0.787s] -- Generating done
[0.795s] -- Build files have been written to: /home/daopctn/ros2_ws/build/nav2_dynamic_msgs
[0.800s] Invoked command in '/home/daopctn/ros2_ws/build/nav2_dynamic_msgs' returned '0': CMAKE_PREFIX_PATH=${CMAKE_PREFIX_PATH}:/home/daopctn/turtlebot3_ws/install/turtlebot3_teleop:/home/daopctn/turtlebot3_ws/install/turtlebot3_example:/opt/ros/humble /usr/bin/cmake /home/daopctn/ros2_ws/src/nav2_dynamic_msgs -DCMAKE_INSTALL_PREFIX=/home/daopctn/ros2_ws/install/nav2_dynamic_msgs
[0.801s] Invoking command in '/home/daopctn/ros2_ws/build/nav2_dynamic_msgs': CMAKE_PREFIX_PATH=${CMAKE_PREFIX_PATH}:/home/daopctn/turtlebot3_ws/install/turtlebot3_teleop:/home/daopctn/turtlebot3_ws/install/turtlebot3_example:/opt/ros/humble /usr/bin/cmake --build /home/daopctn/ros2_ws/build/nav2_dynamic_msgs -- -j12 -l12
[0.830s] [  2%] [34m[1mGenerating C code for ROS interfaces[0m
[0.838s] [  5%] [34m[1mGenerating C++ code for ROS interfaces[0m
[0.845s] [  5%] Built target ament_cmake_python_symlink_nav2_dynamic_msgs
[1.066s] running egg_info
[1.067s] writing nav2_dynamic_msgs.egg-info/PKG-INFO
[1.067s] writing dependency_links to nav2_dynamic_msgs.egg-info/dependency_links.txt
[1.067s] writing top-level names to nav2_dynamic_msgs.egg-info/top_level.txt
[1.070s] reading manifest file 'nav2_dynamic_msgs.egg-info/SOURCES.txt'
[1.070s] writing manifest file 'nav2_dynamic_msgs.egg-info/SOURCES.txt'
[1.091s] [  5%] Built target nav2_dynamic_msgs__cpp
[1.100s] [ 10%] [34m[1mGenerating C++ type support for eProsima Fast-RTPS[0m
[1.100s] [ 10%] [34m[1mGenerating C++ introspection for ROS interfaces[0m
[1.100s] [ 12%] [34m[1mGenerating C++ type support dispatch for ROS interfaces[0m
[1.106s] [ 15%] Built target ament_cmake_python_build_nav2_dynamic_msgs_egg
[1.106s] [ 15%] [32mBuilding C object CMakeFiles/nav2_dynamic_msgs__rosidl_generator_c.dir/rosidl_generator_c/nav2_dynamic_msgs/msg/detail/obstacle_array__functions.c.o[0m
[1.108s] [ 17%] [32mBuilding C object CMakeFiles/nav2_dynamic_msgs__rosidl_generator_c.dir/rosidl_generator_c/nav2_dynamic_msgs/msg/detail/obstacle__functions.c.o[0m
[1.118s] In file included from [01m[K/home/daopctn/ros2_ws/build/nav2_dynamic_msgs/rosidl_generator_c/nav2_dynamic_msgs/msg/detail/obstacle__functions.h:19[m[K,
[1.118s]                  from [01m[K/home/daopctn/ros2_ws/build/nav2_dynamic_msgs/rosidl_generator_c/nav2_dynamic_msgs/msg/detail/obstacle__functions.c:4[m[K:
[1.119s] [01m[K/home/daopctn/ros2_ws/build/nav2_dynamic_msgs/rosidl_generator_c/nav2_dynamic_msgs/msg/detail/obstacle__struct.h:22:10:[m[K [01;31m[Kfatal error: [m[Knav2_dynamic_msgs/msg/detail/header__struct.h: No such file or directory
[1.119s]    22 | #include [01;31m[K"nav2_dynamic_msgs/msg/detail/header__struct.h"[m[K
[1.119s]       |          [01;31m[K^~~~~~~~~~~~~~~~~~~~~~~~~~~~~~~~~~~~~~~~~~~~~~~[m[K
[1.119s] compilation terminated.
[1.119s] gmake[2]: *** [CMakeFiles/nav2_dynamic_msgs__rosidl_generator_c.dir/build.make:121: CMakeFiles/nav2_dynamic_msgs__rosidl_generator_c.dir/rosidl_generator_c/nav2_dynamic_msgs/msg/detail/obstacle__functions.c.o] Error 1
[1.119s] gmake[2]: *** Waiting for unfinished jobs....
[1.134s] gmake[1]: *** [CMakeFiles/Makefile2:213: CMakeFiles/nav2_dynamic_msgs__rosidl_generator_c.dir/all] Error 2
[1.134s] gmake[1]: *** Waiting for unfinished jobs....
[1.309s] [ 20%] [32mBuilding CXX object CMakeFiles/nav2_dynamic_msgs__rosidl_typesupport_cpp.dir/rosidl_typesupport_cpp/nav2_dynamic_msgs/msg/obstacle_array__type_support.cpp.o[0m
[1.309s] [ 23%] [32mBuilding CXX object CMakeFiles/nav2_dynamic_msgs__rosidl_typesupport_cpp.dir/rosidl_typesupport_cpp/nav2_dynamic_msgs/msg/obstacle__type_support.cpp.o[0m
[1.325s] [ 25%] [32mBuilding CXX object CMakeFiles/nav2_dynamic_msgs__rosidl_typesupport_introspection_cpp.dir/rosidl_typesupport_introspection_cpp/nav2_dynamic_msgs/msg/detail/obstacle_array__type_support.cpp.o[0m
[1.326s] [ 28%] [32mBuilding CXX object CMakeFiles/nav2_dynamic_msgs__rosidl_typesupport_introspection_cpp.dir/rosidl_typesupport_introspection_cpp/nav2_dynamic_msgs/msg/detail/obstacle__type_support.cpp.o[0m
[1.342s] [ 33%] [32mBuilding CXX object CMakeFiles/nav2_dynamic_msgs__rosidl_typesupport_fastrtps_cpp.dir/rosidl_typesupport_fastrtps_cpp/nav2_dynamic_msgs/msg/detail/dds_fastrtps/obstacle__type_support.cpp.o[0m
[1.342s] [ 33%] [32mBuilding CXX object CMakeFiles/nav2_dynamic_msgs__rosidl_typesupport_fastrtps_cpp.dir/rosidl_typesupport_fastrtps_cpp/nav2_dynamic_msgs/msg/detail/dds_fastrtps/obstacle_array__type_support.cpp.o[0m
[1.351s] In file included from [01m[K/home/daopctn/ros2_ws/build/nav2_dynamic_msgs/rosidl_typesupport_cpp/nav2_dynamic_msgs/msg/obstacle__type_support.cpp:7[m[K:
[1.351s] [01m[K/home/daopctn/ros2_ws/build/nav2_dynamic_msgs/rosidl_generator_cpp/nav2_dynamic_msgs/msg/detail/obstacle__struct.hpp:20:10:[m[K [01;31m[Kfatal error: [m[Knav2_dynamic_msgs/msg/detail/header__struct.hpp: No such file or directory
[1.351s]    20 | #include [01;31m[K"nav2_dynamic_msgs/msg/detail/header__struct.hpp"[m[K
[1.351s]       |          [01;31m[K^~~~~~~~~~~~~~~~~~~~~~~~~~~~~~~~~~~~~~~~~~~~~~~~~[m[K
[1.351s] compilation terminated.
[1.352s] gmake[2]: *** [CMakeFiles/nav2_dynamic_msgs__rosidl_typesupport_cpp.dir/build.make:90: CMakeFiles/nav2_dynamic_msgs__rosidl_typesupport_cpp.dir/rosidl_typesupport_cpp/nav2_dynamic_msgs/msg/obstacle__type_support.cpp.o] Error 1
[1.352s] gmake[2]: *** Waiting for unfinished jobs....
[1.372s] In file included from [01m[K/home/daopctn/ros2_ws/build/nav2_dynamic_msgs/rosidl_typesupport_introspection_cpp/nav2_dynamic_msgs/msg/detail/obstacle__type_support.cpp:12[m[K:
[1.372s] [01m[K/home/daopctn/ros2_ws/build/nav2_dynamic_msgs/rosidl_generator_cpp/nav2_dynamic_msgs/msg/detail/obstacle__struct.hpp:20:10:[m[K [01;31m[Kfatal error: [m[Knav2_dynamic_msgs/msg/detail/header__struct.hpp: No such file or directory
[1.373s]    20 | #include [01;31m[K"nav2_dynamic_msgs/msg/detail/header__struct.hpp"[m[K
[1.373s]       |          [01;31m[K^~~~~~~~~~~~~~~~~~~~~~~~~~~~~~~~~~~~~~~~~~~~~~~~~[m[K
[1.373s] compilation terminated.
[1.374s] gmake[2]: *** [CMakeFiles/nav2_dynamic_msgs__rosidl_typesupport_introspection_cpp.dir/build.make:98: CMakeFiles/nav2_dynamic_msgs__rosidl_typesupport_introspection_cpp.dir/rosidl_typesupport_introspection_cpp/nav2_dynamic_msgs/msg/detail/obstacle__type_support.cpp.o] Error 1
[1.374s] gmake[2]: *** Waiting for unfinished jobs....
[1.383s] In file included from [01m[K/home/daopctn/ros2_ws/build/nav2_dynamic_msgs/rosidl_typesupport_fastrtps_cpp/nav2_dynamic_msgs/msg/detail/obstacle__rosidl_typesupport_fastrtps_cpp.hpp:11[m[K,
[1.383s]                  from [01m[K/home/daopctn/ros2_ws/build/nav2_dynamic_msgs/rosidl_typesupport_fastrtps_cpp/nav2_dynamic_msgs/msg/detail/dds_fastrtps/obstacle__type_support.cpp:4[m[K:
[1.383s] [01m[K/home/daopctn/ros2_ws/build/nav2_dynamic_msgs/rosidl_generator_cpp/nav2_dynamic_msgs/msg/detail/obstacle__struct.hpp:20:10:[m[K [01;31m[Kfatal error: [m[Knav2_dynamic_msgs/msg/detail/header__struct.hpp: No such file or directory
[1.383s]    20 | #include [01;31m[K"nav2_dynamic_msgs/msg/detail/header__struct.hpp"[m[K
[1.383s]       |          [01;31m[K^~~~~~~~~~~~~~~~~~~~~~~~~~~~~~~~~~~~~~~~~~~~~~~~~[m[K
[1.383s] compilation terminated.
[1.387s] gmake[2]: *** [CMakeFiles/nav2_dynamic_msgs__rosidl_typesupport_fastrtps_cpp.dir/build.make:98: CMakeFiles/nav2_dynamic_msgs__rosidl_typesupport_fastrtps_cpp.dir/rosidl_typesupport_fastrtps_cpp/nav2_dynamic_msgs/msg/detail/dds_fastrtps/obstacle__type_support.cpp.o] Error 1
[1.387s] gmake[2]: *** Waiting for unfinished jobs....
[1.523s] gmake[1]: *** [CMakeFiles/Makefile2:395: CMakeFiles/nav2_dynamic_msgs__rosidl_typesupport_cpp.dir/all] Error 2
[1.618s] gmake[1]: *** [CMakeFiles/Makefile2:369: CMakeFiles/nav2_dynamic_msgs__rosidl_typesupport_introspection_cpp.dir/all] Error 2
[1.641s] gmake[1]: *** [CMakeFiles/Makefile2:343: CMakeFiles/nav2_dynamic_msgs__rosidl_typesupport_fastrtps_cpp.dir/all] Error 2
[1.641s] gmake: *** [Makefile:146: all] Error 2
[1.643s] Invoked command in '/home/daopctn/ros2_ws/build/nav2_dynamic_msgs' returned '2': CMAKE_PREFIX_PATH=${CMAKE_PREFIX_PATH}:/home/daopctn/turtlebot3_ws/install/turtlebot3_teleop:/home/daopctn/turtlebot3_ws/install/turtlebot3_example:/opt/ros/humble /usr/bin/cmake --build /home/daopctn/ros2_ws/build/nav2_dynamic_msgs -- -j12 -l12
