[0.013s] Invoking command in '/home/daopctn/ros2_ws/build/nav2_dynamic_msgs': CMAKE_PREFIX_PATH=${CMAKE_PREFIX_PATH}:/home/daopctn/turtlebot3_ws/install/turtlebot3_teleop:/home/daopctn/turtlebot3_ws/install/turtlebot3_example:/opt/ros/humble /usr/bin/cmake /home/daopctn/ros2_ws/src/nav2_dynamic_msgs -DAMENT_CMAKE_SYMLINK_INSTALL=1 -DCMAKE_INSTALL_PREFIX=/home/daopctn/ros2_ws/install/nav2_dynamic_msgs
[0.054s] -- The C compiler identification is GNU 11.4.0
[0.095s] -- The CXX compiler identification is GNU 11.4.0
[0.100s] -- Detecting C compiler ABI info
[0.154s] -- Detecting C compiler ABI info - done
[0.160s] -- Check for working C compiler: /usr/bin/cc - skipped
[0.160s] -- Detecting C compile features
[0.161s] -- Detecting C compile features - done
[0.163s] -- Detecting CXX compiler ABI info
[0.222s] -- Detecting CXX compiler ABI info - done
[0.229s] -- Check for working CXX compiler: /usr/bin/c++ - skipped
[0.229s] -- Detecting CXX compile features
[0.229s] -- Detecting CXX compile features - done
[0.232s] -- Found ament_cmake: 1.3.11 (/opt/ros/humble/share/ament_cmake/cmake)
[0.357s] -- Found Python3: /usr/bin/python3 (found version "3.10.12") found components: Interpreter 
[0.407s] -- Override CMake install command with custom implementation using symlinks instead of copying resources
[0.438s] -- Found rosidl_default_generators: 1.2.0 (/opt/ros/humble/share/rosidl_default_generators/cmake)
[0.442s] -- Using all available rosidl_typesupport_c: rosidl_typesupport_fastrtps_c;rosidl_typesupport_introspection_c
[0.450s] -- Found rosidl_adapter: 3.1.6 (/opt/ros/humble/share/rosidl_adapter/cmake)
[0.488s] -- Using all available rosidl_typesupport_cpp: rosidl_typesupport_fastrtps_cpp;rosidl_typesupport_introspection_cpp
[0.753s] -- Found ament_cmake_ros: 0.10.0 (/opt/ros/humble/share/ament_cmake_ros/cmake)
[0.903s] -- Using all available rosidl_typesupport_c: rosidl_typesupport_fastrtps_c;rosidl_typesupport_introspection_c
[1.096s] -- Using all available rosidl_typesupport_cpp: rosidl_typesupport_fastrtps_cpp;rosidl_typesupport_introspection_cpp
[1.114s] -- Found PythonInterp: /usr/bin/python3 (found suitable version "3.10.12", minimum required is "3.6") 
[1.116s] -- Found python_cmake_module: 0.10.0 (/opt/ros/humble/share/python_cmake_module/cmake)
[1.138s] -- Found PythonLibs: /usr/lib/x86_64-linux-gnu/libpython3.10.so (found suitable version "3.10.12", minimum required is "3.5") 
[1.138s] -- Using PYTHON_EXECUTABLE: /usr/bin/python3
[1.138s] -- Using PYTHON_INCLUDE_DIRS: /usr/include/python3.10
[1.139s] -- Using PYTHON_LIBRARIES: /usr/lib/x86_64-linux-gnu/libpython3.10.so
[1.156s] -- Found PythonExtra: .so  
[1.191s] -- Configuring done
[1.212s] -- Generating done
[1.219s] -- Build files have been written to: /home/daopctn/ros2_ws/build/nav2_dynamic_msgs
[1.224s] Invoked command in '/home/daopctn/ros2_ws/build/nav2_dynamic_msgs' returned '0': CMAKE_PREFIX_PATH=${CMAKE_PREFIX_PATH}:/home/daopctn/turtlebot3_ws/install/turtlebot3_teleop:/home/daopctn/turtlebot3_ws/install/turtlebot3_example:/opt/ros/humble /usr/bin/cmake /home/daopctn/ros2_ws/src/nav2_dynamic_msgs -DAMENT_CMAKE_SYMLINK_INSTALL=1 -DCMAKE_INSTALL_PREFIX=/home/daopctn/ros2_ws/install/nav2_dynamic_msgs
[1.226s] Invoking command in '/home/daopctn/ros2_ws/build/nav2_dynamic_msgs': CMAKE_PREFIX_PATH=${CMAKE_PREFIX_PATH}:/home/daopctn/turtlebot3_ws/install/turtlebot3_teleop:/home/daopctn/turtlebot3_ws/install/turtlebot3_example:/opt/ros/humble /usr/bin/cmake --build /home/daopctn/ros2_ws/build/nav2_dynamic_msgs -- -j12 -l12
[1.257s] [  2%] [34m[1mGenerating C code for ROS interfaces[0m
[1.265s] [  5%] [34m[1mGenerating C++ code for ROS interfaces[0m
[1.271s] [  5%] Built target ament_cmake_python_symlink_nav2_dynamic_msgs
[1.485s] running egg_info
[1.486s] creating nav2_dynamic_msgs.egg-info
[1.486s] writing nav2_dynamic_msgs.egg-info/PKG-INFO
[1.486s] writing dependency_links to nav2_dynamic_msgs.egg-info/dependency_links.txt
[1.486s] writing top-level names to nav2_dynamic_msgs.egg-info/top_level.txt
[1.486s] writing manifest file 'nav2_dynamic_msgs.egg-info/SOURCES.txt'
[1.488s] reading manifest file 'nav2_dynamic_msgs.egg-info/SOURCES.txt'
[1.488s] writing manifest file 'nav2_dynamic_msgs.egg-info/SOURCES.txt'
[1.523s] [  5%] Built target ament_cmake_python_build_nav2_dynamic_msgs_egg
[1.530s] [  5%] Built target nav2_dynamic_msgs__cpp
[1.539s] [ 10%] [34m[1mGenerating C++ type support dispatch for ROS interfaces[0m
[1.539s] [ 10%] [34m[1mGenerating C++ type support for eProsima Fast-RTPS[0m
[1.539s] [ 12%] [34m[1mGenerating C++ introspection for ROS interfaces[0m
[1.547s] [ 17%] [32mBuilding C object CMakeFiles/nav2_dynamic_msgs__rosidl_generator_c.dir/rosidl_generator_c/nav2_dynamic_msgs/msg/detail/obstacle__functions.c.o[0m
[1.547s] [ 17%] [32mBuilding C object CMakeFiles/nav2_dynamic_msgs__rosidl_generator_c.dir/rosidl_generator_c/nav2_dynamic_msgs/msg/detail/obstacle_array__functions.c.o[0m
[1.558s] In file included from [01m[K/home/daopctn/ros2_ws/build/nav2_dynamic_msgs/rosidl_generator_c/nav2_dynamic_msgs/msg/detail/obstacle_array__functions.h:19[m[K,
[1.558s]                  from [01m[K/home/daopctn/ros2_ws/build/nav2_dynamic_msgs/rosidl_generator_c/nav2_dynamic_msgs/msg/detail/obstacle_array__functions.c:4[m[K:
[1.558s] [01m[K/home/daopctn/ros2_ws/build/nav2_dynamic_msgs/rosidl_generator_c/nav2_dynamic_msgs/msg/detail/obstacle_array__struct.h:22:10:[m[K [01;31m[Kfatal error: [m[Kstd_msgs/msg/detail/header__struct.h: No such file or directory
[1.558s]    22 | #include [01;31m[K"std_msgs/msg/detail/header__struct.h"[m[K
[1.558s]       |          [01;31m[K^~~~~~~~~~~~~~~~~~~~~~~~~~~~~~~~~~~~~~[m[K
[1.558s] compilation terminated.
[1.558s] In file included from [01m[K/home/daopctn/ros2_ws/build/nav2_dynamic_msgs/rosidl_generator_c/nav2_dynamic_msgs/msg/detail/obstacle__functions.h:19[m[K,
[1.558s]                  from [01m[K/home/daopctn/ros2_ws/build/nav2_dynamic_msgs/rosidl_generator_c/nav2_dynamic_msgs/msg/detail/obstacle__functions.c:4[m[K:
[1.558s] [01m[K/home/daopctn/ros2_ws/build/nav2_dynamic_msgs/rosidl_generator_c/nav2_dynamic_msgs/msg/detail/obstacle__struct.h:22:10:[m[K [01;31m[Kfatal error: [m[Kstd_msgs/msg/detail/header__struct.h: No such file or directory
[1.558s]    22 | #include [01;31m[K"std_msgs/msg/detail/header__struct.h"[m[K
[1.558s]       |          [01;31m[K^~~~~~~~~~~~~~~~~~~~~~~~~~~~~~~~~~~~~~[m[K
[1.559s] compilation terminated.
[1.559s] gmake[2]: *** [CMakeFiles/nav2_dynamic_msgs__rosidl_generator_c.dir/build.make:135: CMakeFiles/nav2_dynamic_msgs__rosidl_generator_c.dir/rosidl_generator_c/nav2_dynamic_msgs/msg/detail/obstacle_array__functions.c.o] Error 1
[1.559s] gmake[2]: *** Waiting for unfinished jobs....
[1.559s] gmake[2]: *** [CMakeFiles/nav2_dynamic_msgs__rosidl_generator_c.dir/build.make:121: CMakeFiles/nav2_dynamic_msgs__rosidl_generator_c.dir/rosidl_generator_c/nav2_dynamic_msgs/msg/detail/obstacle__functions.c.o] Error 1
[1.559s] gmake[1]: *** [CMakeFiles/Makefile2:213: CMakeFiles/nav2_dynamic_msgs__rosidl_generator_c.dir/all] Error 2
[1.559s] gmake[1]: *** Waiting for unfinished jobs....
[1.764s] [ 23%] [32mBuilding CXX object CMakeFiles/nav2_dynamic_msgs__rosidl_typesupport_cpp.dir/rosidl_typesupport_cpp/nav2_dynamic_msgs/msg/obstacle__type_support.cpp.o[0m
[1.764s] [ 23%] [32mBuilding CXX object CMakeFiles/nav2_dynamic_msgs__rosidl_typesupport_cpp.dir/rosidl_typesupport_cpp/nav2_dynamic_msgs/msg/obstacle_array__type_support.cpp.o[0m
[1.781s] [ 25%] [32mBuilding CXX object CMakeFiles/nav2_dynamic_msgs__rosidl_typesupport_introspection_cpp.dir/rosidl_typesupport_introspection_cpp/nav2_dynamic_msgs/msg/detail/obstacle_array__type_support.cpp.o[0m
[1.781s] [ 28%] [32mBuilding CXX object CMakeFiles/nav2_dynamic_msgs__rosidl_typesupport_introspection_cpp.dir/rosidl_typesupport_introspection_cpp/nav2_dynamic_msgs/msg/detail/obstacle__type_support.cpp.o[0m
[1.803s] [ 33%] [32mBuilding CXX object CMakeFiles/nav2_dynamic_msgs__rosidl_typesupport_fastrtps_cpp.dir/rosidl_typesupport_fastrtps_cpp/nav2_dynamic_msgs/msg/detail/dds_fastrtps/obstacle_array__type_support.cpp.o[0m
[1.803s] [ 33%] [32mBuilding CXX object CMakeFiles/nav2_dynamic_msgs__rosidl_typesupport_fastrtps_cpp.dir/rosidl_typesupport_fastrtps_cpp/nav2_dynamic_msgs/msg/detail/dds_fastrtps/obstacle__type_support.cpp.o[0m
[1.808s] In file included from [01m[K/home/daopctn/ros2_ws/build/nav2_dynamic_msgs/rosidl_typesupport_cpp/nav2_dynamic_msgs/msg/obstacle_array__type_support.cpp:7[m[K:
[1.808s] [01m[K/home/daopctn/ros2_ws/build/nav2_dynamic_msgs/rosidl_generator_cpp/nav2_dynamic_msgs/msg/detail/obstacle_array__struct.hpp:20:10:[m[K [01;31m[Kfatal error: [m[Kstd_msgs/msg/detail/header__struct.hpp: No such file or directory
[1.808s]    20 | #include [01;31m[K"std_msgs/msg/detail/header__struct.hpp"[m[K
[1.808s]       |          [01;31m[K^~~~~~~~~~~~~~~~~~~~~~~~~~~~~~~~~~~~~~~~[m[K
[1.808s] compilation terminated.
[1.809s] gmake[2]: *** [CMakeFiles/nav2_dynamic_msgs__rosidl_typesupport_cpp.dir/build.make:104: CMakeFiles/nav2_dynamic_msgs__rosidl_typesupport_cpp.dir/rosidl_typesupport_cpp/nav2_dynamic_msgs/msg/obstacle_array__type_support.cpp.o] Error 1
[1.809s] gmake[2]: *** Waiting for unfinished jobs....
[1.813s] In file included from [01m[K/home/daopctn/ros2_ws/build/nav2_dynamic_msgs/rosidl_typesupport_cpp/nav2_dynamic_msgs/msg/obstacle__type_support.cpp:7[m[K:
[1.814s] [01m[K/home/daopctn/ros2_ws/build/nav2_dynamic_msgs/rosidl_generator_cpp/nav2_dynamic_msgs/msg/detail/obstacle__struct.hpp:20:10:[m[K [01;31m[Kfatal error: [m[Kstd_msgs/msg/detail/header__struct.hpp: No such file or directory
[1.814s]    20 | #include [01;31m[K"std_msgs/msg/detail/header__struct.hpp"[m[K
[1.814s]       |          [01;31m[K^~~~~~~~~~~~~~~~~~~~~~~~~~~~~~~~~~~~~~~~[m[K
[1.814s] compilation terminated.
[1.815s] gmake[2]: *** [CMakeFiles/nav2_dynamic_msgs__rosidl_typesupport_cpp.dir/build.make:90: CMakeFiles/nav2_dynamic_msgs__rosidl_typesupport_cpp.dir/rosidl_typesupport_cpp/nav2_dynamic_msgs/msg/obstacle__type_support.cpp.o] Error 1
[1.815s] gmake[1]: *** [CMakeFiles/Makefile2:395: CMakeFiles/nav2_dynamic_msgs__rosidl_typesupport_cpp.dir/all] Error 2
[1.828s] In file included from [01m[K/home/daopctn/ros2_ws/build/nav2_dynamic_msgs/rosidl_typesupport_introspection_cpp/nav2_dynamic_msgs/msg/detail/obstacle_array__type_support.cpp:12[m[K:
[1.828s] [01m[K/home/daopctn/ros2_ws/build/nav2_dynamic_msgs/rosidl_generator_cpp/nav2_dynamic_msgs/msg/detail/obstacle_array__struct.hpp:20:10:[m[K [01;31m[Kfatal error: [m[Kstd_msgs/msg/detail/header__struct.hpp: No such file or directory
[1.828s]    20 | #include [01;31m[K"std_msgs/msg/detail/header__struct.hpp"[m[K
[1.828s]       |          [01;31m[K^~~~~~~~~~~~~~~~~~~~~~~~~~~~~~~~~~~~~~~~[m[K
[1.828s] compilation terminated.
[1.829s] gmake[2]: *** [CMakeFiles/nav2_dynamic_msgs__rosidl_typesupport_introspection_cpp.dir/build.make:112: CMakeFiles/nav2_dynamic_msgs__rosidl_typesupport_introspection_cpp.dir/rosidl_typesupport_introspection_cpp/nav2_dynamic_msgs/msg/detail/obstacle_array__type_support.cpp.o] Error 1
[1.829s] gmake[2]: *** Waiting for unfinished jobs....
[1.829s] In file included from [01m[K/home/daopctn/ros2_ws/build/nav2_dynamic_msgs/rosidl_typesupport_introspection_cpp/nav2_dynamic_msgs/msg/detail/obstacle__type_support.cpp:12[m[K:
[1.829s] [01m[K/home/daopctn/ros2_ws/build/nav2_dynamic_msgs/rosidl_generator_cpp/nav2_dynamic_msgs/msg/detail/obstacle__struct.hpp:20:10:[m[K [01;31m[Kfatal error: [m[Kstd_msgs/msg/detail/header__struct.hpp: No such file or directory
[1.829s]    20 | #include [01;31m[K"std_msgs/msg/detail/header__struct.hpp"[m[K
[1.829s]       |          [01;31m[K^~~~~~~~~~~~~~~~~~~~~~~~~~~~~~~~~~~~~~~~[m[K
[1.829s] compilation terminated.
[1.830s] gmake[2]: *** [CMakeFiles/nav2_dynamic_msgs__rosidl_typesupport_introspection_cpp.dir/build.make:98: CMakeFiles/nav2_dynamic_msgs__rosidl_typesupport_introspection_cpp.dir/rosidl_typesupport_introspection_cpp/nav2_dynamic_msgs/msg/detail/obstacle__type_support.cpp.o] Error 1
[1.830s] gmake[1]: *** [CMakeFiles/Makefile2:369: CMakeFiles/nav2_dynamic_msgs__rosidl_typesupport_introspection_cpp.dir/all] Error 2
[1.844s] In file included from [01m[K/home/daopctn/ros2_ws/build/nav2_dynamic_msgs/rosidl_typesupport_fastrtps_cpp/nav2_dynamic_msgs/msg/detail/obstacle_array__rosidl_typesupport_fastrtps_cpp.hpp:11[m[K,
[1.845s]                  from [01m[K/home/daopctn/ros2_ws/build/nav2_dynamic_msgs/rosidl_typesupport_fastrtps_cpp/nav2_dynamic_msgs/msg/detail/dds_fastrtps/obstacle_array__type_support.cpp:4[m[K:
[1.845s] [01m[K/home/daopctn/ros2_ws/build/nav2_dynamic_msgs/rosidl_generator_cpp/nav2_dynamic_msgs/msg/detail/obstacle_array__struct.hpp:20:10:[m[K [01;31m[Kfatal error: [m[Kstd_msgs/msg/detail/header__struct.hpp: No such file or directory
[1.845s]    20 | #include [01;31m[K"std_msgs/msg/detail/header__struct.hpp"[m[K
[1.845s]       |          [01;31m[K^~~~~~~~~~~~~~~~~~~~~~~~~~~~~~~~~~~~~~~~[m[K
[1.845s] compilation terminated.
[1.845s] gmake[2]: *** [CMakeFiles/nav2_dynamic_msgs__rosidl_typesupport_fastrtps_cpp.dir/build.make:112: CMakeFiles/nav2_dynamic_msgs__rosidl_typesupport_fastrtps_cpp.dir/rosidl_typesupport_fastrtps_cpp/nav2_dynamic_msgs/msg/detail/dds_fastrtps/obstacle_array__type_support.cpp.o] Error 1
[1.845s] gmake[2]: *** Waiting for unfinished jobs....
[1.849s] In file included from [01m[K/home/daopctn/ros2_ws/build/nav2_dynamic_msgs/rosidl_typesupport_fastrtps_cpp/nav2_dynamic_msgs/msg/detail/obstacle__rosidl_typesupport_fastrtps_cpp.hpp:11[m[K,
[1.849s]                  from [01m[K/home/daopctn/ros2_ws/build/nav2_dynamic_msgs/rosidl_typesupport_fastrtps_cpp/nav2_dynamic_msgs/msg/detail/dds_fastrtps/obstacle__type_support.cpp:4[m[K:
[1.849s] [01m[K/home/daopctn/ros2_ws/build/nav2_dynamic_msgs/rosidl_generator_cpp/nav2_dynamic_msgs/msg/detail/obstacle__struct.hpp:20:10:[m[K [01;31m[Kfatal error: [m[Kstd_msgs/msg/detail/header__struct.hpp: No such file or directory
[1.849s]    20 | #include [01;31m[K"std_msgs/msg/detail/header__struct.hpp"[m[K
[1.849s]       |          [01;31m[K^~~~~~~~~~~~~~~~~~~~~~~~~~~~~~~~~~~~~~~~[m[K
[1.849s] compilation terminated.
[1.849s] gmake[2]: *** [CMakeFiles/nav2_dynamic_msgs__rosidl_typesupport_fastrtps_cpp.dir/build.make:98: CMakeFiles/nav2_dynamic_msgs__rosidl_typesupport_fastrtps_cpp.dir/rosidl_typesupport_fastrtps_cpp/nav2_dynamic_msgs/msg/detail/dds_fastrtps/obstacle__type_support.cpp.o] Error 1
[1.850s] gmake[1]: *** [CMakeFiles/Makefile2:343: CMakeFiles/nav2_dynamic_msgs__rosidl_typesupport_fastrtps_cpp.dir/all] Error 2
[1.850s] gmake: *** [Makefile:146: all] Error 2
[1.852s] Invoked command in '/home/daopctn/ros2_ws/build/nav2_dynamic_msgs' returned '2': CMAKE_PREFIX_PATH=${CMAKE_PREFIX_PATH}:/home/daopctn/turtlebot3_ws/install/turtlebot3_teleop:/home/daopctn/turtlebot3_ws/install/turtlebot3_example:/opt/ros/humble /usr/bin/cmake --build /home/daopctn/ros2_ws/build/nav2_dynamic_msgs -- -j12 -l12
